<?xml version="1.0" encoding="UTF-8"?>
<!-- Generated by org.testng.reporters.JUnitReportReporter -->
<testsuite skipped="0" hostname="DESKTOP-F023JSH" name="runner.LoginUsingCucumber" tests="2" failures="0" timestamp="13 Jul 2019 10:34:06 GMT" time="34.451" errors="0">
  <testcase name="runScenario" time="18.294" classname="runner.LoginUsingCucumber"/>
  <testcase name="runScenario" time="16.157" classname="runner.LoginUsingCucumber"/>
</testsuite> <!-- runner.LoginUsingCucumber -->
